<?xml version="1.0" encoding="UTF-8"?>
<testsuite xmlns:xsi="http://www.w3.org/2001/XMLSchema-instance" xsi:noNamespaceSchemaLocation="https://maven.apache.org/surefire/maven-surefire-plugin/xsd/surefire-test-report-3.0.xsd" version="3.0" name="com.jdoe.algorithms.FactorialDOETest" time="0.233" tests="18" errors="0" skipped="0" failures="0">
  <properties>
[...]
</properties>
  <testcase name="testFractionalFactorialByResolution_InvalidResolution_GreaterThanFive" classname="com.jdoe.algorithms.FactorialDOETest" time="0.098">
    <system-err><![CDATA[ERROR StatusLogger Log4j2 could not find a logging implementation. Please add log4j-core to the classpath. Using SimpleLogger to log to the console...
]]></system-err>
  </testcase>
  <testcase name="testFullFactorial2Level_ZeroFactors_ReturnsIdentityMatrix" classname="com.jdoe.algorithms.FactorialDOETest" time="0.001"/>
  <testcase name="testFracFactAliasing_ValidDesign_ReturnsAliasInfo" classname="com.jdoe.algorithms.FactorialDOETest" time="0.033"/>
  <testcase name="testFracFactOpt_TooManyFactors_ThrowsException" classname="com.jdoe.algorithms.FactorialDOETest" time="0.001"/>
  <testcase name="testFractionalFactorial_GeneratorWithNegativeSign_HandlesCorrectly" classname="com.jdoe.algorithms.FactorialDOETest" time="0.001"/>
  <testcase name="testFullFactorial2Level_ValidInput_ReturnsCorrectMatrix" classname="com.jdoe.algorithms.FactorialDOETest" time="0.001"/>
  <testcase name="testFracFactAliasing_TooManyFactors_ThrowsException" classname="com.jdoe.algorithms.FactorialDOETest" time="0.0"/>
  <testcase name="testFullFactorial2Level_NegativeFactors_ThrowsException" classname="com.jdoe.algorithms.FactorialDOETest" time="0.0"/>
  <testcase name="testFracFactOpt_NegativeErased_ThrowsException" classname="com.jdoe.algorithms.FactorialDOETest" time="0.0"/>
  <testcase name="testFullFactorial_EmptyArray_IllegalArgumentException" classname="com.jdoe.algorithms.FactorialDOETest" time="0.001"/>
  <testcase name="testFullFactorial_SingleFactor_ReturnsCorrectMatrix" classname="com.jdoe.algorithms.FactorialDOETest" time="0.001"/>
  <testcase name="testFractionalFactorialByResolution_InvalidResolution_LessThanThree" classname="com.jdoe.algorithms.FactorialDOETest" time="0.002"/>
  <testcase name="testFractionalFactorialByResolution_ValidInput_ResThree_ReturnsMatrix" classname="com.jdoe.algorithms.FactorialDOETest" time="0.001"/>
  <testcase name="testFullFactorial_ValidInput_ReturnsCorrectMatrix" classname="com.jdoe.algorithms.FactorialDOETest" time="0.001"/>
  <testcase name="testFractionalFactorial_ValidGeneratorString_ReturnsMatrix" classname="com.jdoe.algorithms.FactorialDOETest" time="0.004"/>
  <testcase name="testFractionalFactorial_InvalidGenerator_ThrowsException" classname="com.jdoe.algorithms.FactorialDOETest" time="0.0"/>
  <testcase name="testFracFactOpt_ValidParameters_ReturnsResults" classname="com.jdoe.algorithms.FactorialDOETest" time="0.018"/>
  <testcase name="testFractionalFactorialByResolution_DesignNotPossible_ThrowsException" classname="com.jdoe.algorithms.FactorialDOETest" time="0.002"/>
</testsuite>